<?xml version="1.0" encoding="UTF-8"?>
<testsuite name="com.institucion.ticketero.module_queues.application.QueueServiceTest" tests="4" skipped="0" failures="0" errors="0" timestamp="2025-12-08T14:29:38" hostname="PANCHOX" time="0.06">
  <properties/>
  <testcase name="getAllQueueStatus_shouldReturnStatusForAllQueues()" classname="com.institucion.ticketero.module_queues.application.QueueServiceTest" time="0.056"/>
  <testcase name="calculateAverageWaitTime_withZeroCustomers_shouldReturnZero()" classname="com.institucion.ticketero.module_queues.application.QueueServiceTest" time="0.001"/>
  <testcase name="calculateAverageWaitTime_withCustomers_shouldReturnCorrectTime()" classname="com.institucion.ticketero.module_queues.application.QueueServiceTest" time="0.001"/>
  <testcase name="getQueueStatus_shouldReturnCorrectStatus()" classname="com.institucion.ticketero.module_queues.application.QueueServiceTest" time="0.001"/>
  <system-out><![CDATA[]]></system-out>
  <system-err><![CDATA[]]></system-err>
</testsuite>
