<?xml version="1.0" encoding="UTF-8"?>
<testsuite name="com.institucion.ticketero.module_notifications.infrastructure.TelegramNotificationServiceTest" tests="4" skipped="0" failures="0" errors="0" timestamp="2025-12-08T14:29:37" hostname="PANCHOX" time="0.321">
  <properties/>
  <testcase name="whenSendTicketConfirmation_thenBotExecuteIsCalled()" classname="com.institucion.ticketero.module_notifications.infrastructure.TelegramNotificationServiceTest" time="0.31"/>
  <testcase name="whenSendTurnActiveAlert_thenBotExecuteIsCalled()" classname="com.institucion.ticketero.module_notifications.infrastructure.TelegramNotificationServiceTest" time="0.003"/>
  <testcase name="whenChatIdIsMissing_thenBotIsNotCalled()" classname="com.institucion.ticketero.module_notifications.infrastructure.TelegramNotificationServiceTest" time="0.002"/>
  <testcase name="whenSendPreArrivalAlert_thenBotExecuteIsCalled()" classname="com.institucion.ticketero.module_notifications.infrastructure.TelegramNotificationServiceTest" time="0.002"/>
  <system-out><![CDATA[2025-12-08T11:29:38.299-03:00  INFO 2808 --- [    Test worker] c.i.t.m.i.TelegramNotificationService    : Successfully sent Telegram message to chatId: chat123
2025-12-08T11:29:38.309-03:00  INFO 2808 --- [    Test worker] c.i.t.m.i.TelegramNotificationService    : Successfully sent Telegram message to chatId: chat789
2025-12-08T11:29:38.314-03:00  WARN 2808 --- [    Test worker] c.i.t.m.i.TelegramNotificationService    : Cannot send confirmation for ticket C-000: no Telegram chat ID.
2025-12-08T11:29:38.314-03:00  INFO 2808 --- [    Test worker] c.i.t.m.i.TelegramNotificationService    : Successfully sent Telegram message to chatId: chat456
]]></system-out>
  <system-err><![CDATA[]]></system-err>
</testsuite>
